\BOOKMARK [1][-]{section.1}{Introduction}{}% 1
\BOOKMARK [1][-]{section.2}{Data Flow}{}% 2
\BOOKMARK [2][-]{subsection.2.1}{A Diagram of the process}{section.2}% 3
\BOOKMARK [2][-]{subsection.2.2}{How to read the diagram}{section.2}% 4
\BOOKMARK [1][-]{section.3}{Stepwise instructions for how to do what the diagram shows + What things are and mean}{}% 5
\BOOKMARK [2][-]{subsection.3.1}{Preliminaries}{section.3}% 6
\BOOKMARK [2][-]{subsection.3.2}{Basic processing}{section.3}% 7
\BOOKMARK [2][-]{subsection.3.3}{Getting rid of everything that isn't disease state}{section.3}% 8
\BOOKMARK [2][-]{subsection.3.4}{Machine Learning: Definitions and how to approach the problem}{section.3}% 9
\BOOKMARK [2][-]{subsection.3.5}{Turning too many features in to something manageable}{section.3}% 10
\BOOKMARK [3][-]{subsubsection.3.5.1}{Principle Component Analysis}{subsection.3.5}% 11
\BOOKMARK [3][-]{subsubsection.3.5.2}{Isomap}{subsection.3.5}% 12
\BOOKMARK [3][-]{subsubsection.3.5.3}{Hierarchical clustering}{subsection.3.5}% 13
\BOOKMARK [2][-]{subsection.3.6}{Learning to distinguish samples based on disease state}{section.3}% 14
\BOOKMARK [2][-]{subsection.3.7}{Learning to identify progressions}{section.3}% 15
\BOOKMARK [1][-]{section.4}{The Cluster}{}% 16
\BOOKMARK [2][-]{subsection.4.1}{File I/O}{section.4}% 17
\BOOKMARK [2][-]{subsection.4.2}{Submitting jobs}{section.4}% 18
\BOOKMARK [2][-]{subsection.4.3}{Additional libraries}{section.4}% 19
\BOOKMARK [1][-]{section.5}{Suggested direction and future work items}{}% 20
\BOOKMARK [1][-]{section.6}{References}{}% 21
